workbench.desktop.main.js:55   ERR [unknown] Network disconnected: ConnectError: [unknown] Network disconnected
    at t (vscode-file://vscode-app/tmp/.mount_CursorFKIPpo/usr/share/cursor/resources/app/out/vs/workbench/workbench.desktop.main.js:4910:339781)
    at async Object.getTeams (vscode-file://vscode-app/tmp/.mount_CursorFKIPpo/usr/share/cursor/resources/app/out/vs/workbench/workbench.desktop.main.js:580:387668)
    at async $cr.getTeams (vscode-file://vscode-app/tmp/.mount_CursorFKIPpo/usr/share/cursor/resources/app/out/vs/workbench/workbench.desktop.main.js:6956:33170)
    at async $cr.refreshMembershipType (vscode-file://vscode-app/tmp/.mount_CursorFKIPpo/usr/share/cursor/resources/app/out/vs/workbench/workbench.desktop.main.js:6956:21219)
    at async $cr.refreshAuthentication (vscode-file://vscode-app/tmp/.mount_CursorFKIPpo/usr/share/cursor/resources/app/out/vs/workbench/workbench.desktop.main.js:6956:36836) ConnectError: [unknown] Network disconnected
    at t (workbench.desktop.main.js:4910:339781)
    at async Object.getTeams (workbench.desktop.main.js:580:387668)
    at async $cr.getTeams (workbench.desktop.main.js:6956:33170)
    at async $cr.refreshMembershipType (workbench.desktop.main.js:6956:21219)
    at async $cr.refreshAuthentication (workbench.desktop.main.js:6956:36836)
error @ workbench.desktop.main.js:55
error @ workbench.desktop.main.js:55
error @ workbench.desktop.main.js:6985
handleUnexpectedError @ workbench.desktop.main.js:6982
(anonymous) @ workbench.desktop.main.js:6982
onUnexpectedError @ workbench.desktop.main.js:27
zo @ workbench.desktop.main.js:22
(anonymous) @ workbench.desktop.main.js:6982
workbench.desktop.main.js:55   ERR [unknown] Network disconnected: ConnectError: [unknown] Network disconnected
    at t (vscode-file://vscode-app/tmp/.mount_CursorFKIPpo/usr/share/cursor/resources/app/out/vs/workbench/workbench.desktop.main.js:4910:339781)
    at async Object.getTeams (vscode-file://vscode-app/tmp/.mount_CursorFKIPpo/usr/share/cursor/resources/app/out/vs/workbench/workbench.desktop.main.js:580:387668)
    at async $cr.getTeams (vscode-file://vscode-app/tmp/.mount_CursorFKIPpo/usr/share/cursor/resources/app/out/vs/workbench/workbench.desktop.main.js:6956:33170)
    at async $cr.refreshMembershipType (vscode-file://vscode-app/tmp/.mount_CursorFKIPpo/usr/share/cursor/resources/app/out/vs/workbench/workbench.desktop.main.js:6956:21219)
    at async $cr.refreshAuthentication (vscode-file://vscode-app/tmp/.mount_CursorFKIPpo/usr/share/cursor/resources/app/out/vs/workbench/workbench.desktop.main.js:6956:36836) ConnectError: [unknown] Network disconnected
    at t (workbench.desktop.main.js:4910:339781)
    at async Object.getTeams (workbench.desktop.main.js:580:387668)
    at async $cr.getTeams (workbench.desktop.main.js:6956:33170)
    at async $cr.refreshMembershipType (workbench.desktop.main.js:6956:21219)
    at async $cr.refreshAuthentication (workbench.desktop.main.js:6956:36836)
error @ workbench.desktop.main.js:55
error @ workbench.desktop.main.js:55
error @ workbench.desktop.main.js:6985
handleUnexpectedError @ workbench.desktop.main.js:6982
(anonymous) @ workbench.desktop.main.js:6982
onUnexpectedError @ workbench.desktop.main.js:27
zo @ workbench.desktop.main.js:22
(anonymous) @ workbench.desktop.main.js:6982
workbench.desktop.main.js:55   ERR [unknown] Network disconnected: ConnectError: [unknown] Network disconnected
    at t (vscode-file://vscode-app/tmp/.mount_CursorFKIPpo/usr/share/cursor/resources/app/out/vs/workbench/workbench.desktop.main.js:4910:339781)
    at async Object.getTeams (vscode-file://vscode-app/tmp/.mount_CursorFKIPpo/usr/share/cursor/resources/app/out/vs/workbench/workbench.desktop.main.js:580:387668)
    at async $cr.getTeams (vscode-file://vscode-app/tmp/.mount_CursorFKIPpo/usr/share/cursor/resources/app/out/vs/workbench/workbench.desktop.main.js:6956:33170)
    at async $cr.refreshMembershipType (vscode-file://vscode-app/tmp/.mount_CursorFKIPpo/usr/share/cursor/resources/app/out/vs/workbench/workbench.desktop.main.js:6956:21219)
    at async $cr.refreshAuthentication (vscode-file://vscode-app/tmp/.mount_CursorFKIPpo/usr/share/cursor/resources/app/out/vs/workbench/workbench.desktop.main.js:6956:36836) ConnectError: [unknown] Network disconnected
    at t (workbench.desktop.main.js:4910:339781)
    at async Object.getTeams (workbench.desktop.main.js:580:387668)
    at async $cr.getTeams (workbench.desktop.main.js:6956:33170)
    at async $cr.refreshMembershipType (workbench.desktop.main.js:6956:21219)
    at async $cr.refreshAuthentication (workbench.desktop.main.js:6956:36836)
error @ workbench.desktop.main.js:55
error @ workbench.desktop.main.js:55
error @ workbench.desktop.main.js:6985
handleUnexpectedError @ workbench.desktop.main.js:6982
(anonymous) @ workbench.desktop.main.js:6982
onUnexpectedError @ workbench.desktop.main.js:27
zo @ workbench.desktop.main.js:22
(anonymous) @ workbench.desktop.main.js:6982
workbench.desktop.main.js:5573 Failed to flush analytics events: ConnectError: [unknown] Network disconnected
    at t (workbench.desktop.main.js:4910:339781)
    at async Object.batch (workbench.desktop.main.js:580:387668)
    at async pjs.flushAll (workbench.desktop.main.js:5573:1128)
flushAll @ workbench.desktop.main.js:5573
await in flushAll
trackEvent @ workbench.desktop.main.js:5573
getContextFromPreviousMessages @ workbench.desktop.main.js:4313
await in getContextFromPreviousMessages
getNewMessageContext @ workbench.desktop.main.js:4313
submitPromptDryRun @ workbench.desktop.main.js:4312
await in submitPromptDryRun
updatePromptDryRunInfo @ workbench.desktop.main.js:5567
(anonymous) @ workbench.desktop.main.js:96
workbench.desktop.main.js:4312 [composer] Error in submitPromptDryRun: ConnectError: [unknown] Network disconnected
    at t (workbench.desktop.main.js:4910:339781)
    at async Object.getPromptDryRun (workbench.desktop.main.js:580:387668)
    at async $re.submitPromptDryRun (workbench.desktop.main.js:4312:4826)
    at async s6t.updatePromptDryRunInfo (workbench.desktop.main.js:5567:4189)
submitPromptDryRun @ workbench.desktop.main.js:4312
await in submitPromptDryRun
updatePromptDryRunInfo @ workbench.desktop.main.js:5567
(anonymous) @ workbench.desktop.main.js:96
workbench.desktop.main.js:55   ERR [unknown] Network disconnected: ConnectError: [unknown] Network disconnected
    at t (vscode-file://vscode-app/tmp/.mount_CursorFKIPpo/usr/share/cursor/resources/app/out/vs/workbench/workbench.desktop.main.js:4910:339781)
    at async Object.getTeams (vscode-file://vscode-app/tmp/.mount_CursorFKIPpo/usr/share/cursor/resources/app/out/vs/workbench/workbench.desktop.main.js:580:387668)
    at async $cr.getTeams (vscode-file://vscode-app/tmp/.mount_CursorFKIPpo/usr/share/cursor/resources/app/out/vs/workbench/workbench.desktop.main.js:6956:33170)
    at async $cr.refreshMembershipType (vscode-file://vscode-app/tmp/.mount_CursorFKIPpo/usr/share/cursor/resources/app/out/vs/workbench/workbench.desktop.main.js:6956:21219)
    at async $cr.refreshAuthentication (vscode-file://vscode-app/tmp/.mount_CursorFKIPpo/usr/share/cursor/resources/app/out/vs/workbench/workbench.desktop.main.js:6956:36836) ConnectError: [unknown] Network disconnected
    at t (workbench.desktop.main.js:4910:339781)
    at async Object.getTeams (workbench.desktop.main.js:580:387668)
    at async $cr.getTeams (workbench.desktop.main.js:6956:33170)
    at async $cr.refreshMembershipType (workbench.desktop.main.js:6956:21219)
    at async $cr.refreshAuthentication (workbench.desktop.main.js:6956:36836)
error @ workbench.desktop.main.js:55
error @ workbench.desktop.main.js:55
error @ workbench.desktop.main.js:6985
handleUnexpectedError @ workbench.desktop.main.js:6982
(anonymous) @ workbench.desktop.main.js:6982
onUnexpectedError @ workbench.desktop.main.js:27
zo @ workbench.desktop.main.js:22
(anonymous) @ workbench.desktop.main.js:6982
workbench.desktop.main.js:7105 error reporting bug ConnectError: [unknown] Network disconnected
    at t (workbench.desktop.main.js:4910:339781)
    at async Object.reportBug (workbench.desktop.main.js:580:387668)
    at async kpr.reportBug (workbench.desktop.main.js:7105:31264)
reportBug @ workbench.desktop.main.js:7105
workbench.desktop.main.js:7105 bug {bugId: '40ce1b3c-c4ef-4339-b8f0-140d9d8070c1', bug: 'automatic-from-connection-error.\n\nrequest ID:40ce1…","code":2,"metadata":{},"details":[],"cause":{}}', priority: 2, protoURL: 'aiserver.v1.AiService/StreamComposer', contactEmail: 'automatic-from-connection-error', …}
reportBug @ workbench.desktop.main.js:7105
workbench.desktop.main.js:55   ERR [unknown] Network disconnected: ConnectError: [unknown] Network disconnected
    at t (vscode-file://vscode-app/tmp/.mount_CursorFKIPpo/usr/share/cursor/resources/app/out/vs/workbench/workbench.desktop.main.js:4910:339781)
    at async Object.getTeams (vscode-file://vscode-app/tmp/.mount_CursorFKIPpo/usr/share/cursor/resources/app/out/vs/workbench/workbench.desktop.main.js:580:387668)
    at async $cr.getTeams (vscode-file://vscode-app/tmp/.mount_CursorFKIPpo/usr/share/cursor/resources/app/out/vs/workbench/workbench.desktop.main.js:6956:33170)
    at async $cr.refreshMembershipType (vscode-file://vscode-app/tmp/.mount_CursorFKIPpo/usr/share/cursor/resources/app/out/vs/workbench/workbench.desktop.main.js:6956:21219)
    at async $cr.refreshAuthentication (vscode-file://vscode-app/tmp/.mount_CursorFKIPpo/usr/share/cursor/resources/app/out/vs/workbench/workbench.desktop.main.js:6956:36836) ConnectError: [unknown] Network disconnected
    at t (workbench.desktop.main.js:4910:339781)
    at async Object.getTeams (workbench.desktop.main.js:580:387668)
    at async $cr.getTeams (workbench.desktop.main.js:6956:33170)
    at async $cr.refreshMembershipType (workbench.desktop.main.js:6956:21219)
    at async $cr.refreshAuthentication (workbench.desktop.main.js:6956:36836)
error @ workbench.desktop.main.js:55
error @ workbench.desktop.main.js:55
error @ workbench.desktop.main.js:6985
handleUnexpectedError @ workbench.desktop.main.js:6982
(anonymous) @ workbench.desktop.main.js:6982
onUnexpectedError @ workbench.desktop.main.js:27
zo @ workbench.desktop.main.js:22
(anonymous) @ workbench.desktop.main.js:6982
workbench.desktop.main.js:55   ERR [unknown] Network disconnected: ConnectError: [unknown] Network disconnected
    at t (vscode-file://vscode-app/tmp/.mount_CursorFKIPpo/usr/share/cursor/resources/app/out/vs/workbench/workbench.desktop.main.js:4910:339781)
    at async Object.getTeams (vscode-file://vscode-app/tmp/.mount_CursorFKIPpo/usr/share/cursor/resources/app/out/vs/workbench/workbench.desktop.main.js:580:387668)
    at async $cr.getTeams (vscode-file://vscode-app/tmp/.mount_CursorFKIPpo/usr/share/cursor/resources/app/out/vs/workbench/workbench.desktop.main.js:6956:33170)
    at async $cr.refreshMembershipType (vscode-file://vscode-app/tmp/.mount_CursorFKIPpo/usr/share/cursor/resources/app/out/vs/workbench/workbench.desktop.main.js:6956:21219)
    at async $cr.refreshAuthentication (vscode-file://vscode-app/tmp/.mount_CursorFKIPpo/usr/share/cursor/resources/app/out/vs/workbench/workbench.desktop.main.js:6956:36836) ConnectError: [unknown] Network disconnected
    at t (workbench.desktop.main.js:4910:339781)
    at async Object.getTeams (workbench.desktop.main.js:580:387668)
    at async $cr.getTeams (workbench.desktop.main.js:6956:33170)
    at async $cr.refreshMembershipType (workbench.desktop.main.js:6956:21219)
    at async $cr.refreshAuthentication (workbench.desktop.main.js:6956:36836)
error @ workbench.desktop.main.js:55
error @ workbench.desktop.main.js:55
error @ workbench.desktop.main.js:6985
handleUnexpectedError @ workbench.desktop.main.js:6982
(anonymous) @ workbench.desktop.main.js:6982
onUnexpectedError @ workbench.desktop.main.js:27
zo @ workbench.desktop.main.js:22
(anonymous) @ workbench.desktop.main.js:6982
workbench.desktop.main.js:55   ERR [unknown] Network disconnected: ConnectError: [unknown] Network disconnected
    at t (vscode-file://vscode-app/tmp/.mount_CursorFKIPpo/usr/share/cursor/resources/app/out/vs/workbench/workbench.desktop.main.js:4910:339781)
    at async Object.getTeams (vscode-file://vscode-app/tmp/.mount_CursorFKIPpo/usr/share/cursor/resources/app/out/vs/workbench/workbench.desktop.main.js:580:387668)
    at async $cr.getTeams (vscode-file://vscode-app/tmp/.mount_CursorFKIPpo/usr/share/cursor/resources/app/out/vs/workbench/workbench.desktop.main.js:6956:33170)
    at async $cr.refreshMembershipType (vscode-file://vscode-app/tmp/.mount_CursorFKIPpo/usr/share/cursor/resources/app/out/vs/workbench/workbench.desktop.main.js:6956:21219)
    at async $cr.refreshAuthentication (vscode-file://vscode-app/tmp/.mount_CursorFKIPpo/usr/share/cursor/resources/app/out/vs/workbench/workbench.desktop.main.js:6956:36836) ConnectError: [unknown] Network disconnected
    at t (workbench.desktop.main.js:4910:339781)
    at async Object.getTeams (workbench.desktop.main.js:580:387668)
    at async $cr.getTeams (workbench.desktop.main.js:6956:33170)
    at async $cr.refreshMembershipType (workbench.desktop.main.js:6956:21219)
    at async $cr.refreshAuthentication (workbench.desktop.main.js:6956:36836)
error @ workbench.desktop.main.js:55
error @ workbench.desktop.main.js:55
error @ workbench.desktop.main.js:6985
handleUnexpectedError @ workbench.desktop.main.js:6982
(anonymous) @ workbench.desktop.main.js:6982
onUnexpectedError @ workbench.desktop.main.js:27
zo @ workbench.desktop.main.js:22
(anonymous) @ workbench.desktop.main.js:6982
workbench.desktop.main.js:55   ERR [unknown] Network disconnected: ConnectError: [unknown] Network disconnected
    at t (vscode-file://vscode-app/tmp/.mount_CursorFKIPpo/usr/share/cursor/resources/app/out/vs/workbench/workbench.desktop.main.js:4910:339781)
    at async Object.getTeams (vscode-file://vscode-app/tmp/.mount_CursorFKIPpo/usr/share/cursor/resources/app/out/vs/workbench/workbench.desktop.main.js:580:387668)
    at async $cr.getTeams (vscode-file://vscode-app/tmp/.mount_CursorFKIPpo/usr/share/cursor/resources/app/out/vs/workbench/workbench.desktop.main.js:6956:33170)
    at async $cr.refreshMembershipType (vscode-file://vscode-app/tmp/.mount_CursorFKIPpo/usr/share/cursor/resources/app/out/vs/workbench/workbench.desktop.main.js:6956:21219)
    at async $cr.refreshAuthentication (vscode-file://vscode-app/tmp/.mount_CursorFKIPpo/usr/share/cursor/resources/app/out/vs/workbench/workbench.desktop.main.js:6956:36836) ConnectError: [unknown] Network disconnected
    at t (workbench.desktop.main.js:4910:339781)
    at async Object.getTeams (workbench.desktop.main.js:580:387668)
    at async $cr.getTeams (workbench.desktop.main.js:6956:33170)
    at async $cr.refreshMembershipType (workbench.desktop.main.js:6956:21219)
    at async $cr.refreshAuthentication (workbench.desktop.main.js:6956:36836)
error @ workbench.desktop.main.js:55
error @ workbench.desktop.main.js:55
error @ workbench.desktop.main.js:6985
handleUnexpectedError @ workbench.desktop.main.js:6982
(anonymous) @ workbench.desktop.main.js:6982
onUnexpectedError @ workbench.desktop.main.js:27
zo @ workbench.desktop.main.js:22
(anonymous) @ workbench.desktop.main.js:6982
workbench.desktop.main.js:55   ERR [unknown] Network disconnected: ConnectError: [unknown] Network disconnected
    at t (vscode-file://vscode-app/tmp/.mount_CursorFKIPpo/usr/share/cursor/resources/app/out/vs/workbench/workbench.desktop.main.js:4910:339781)
    at async Object.getTeams (vscode-file://vscode-app/tmp/.mount_CursorFKIPpo/usr/share/cursor/resources/app/out/vs/workbench/workbench.desktop.main.js:580:387668)
    at async $cr.getTeams (vscode-file://vscode-app/tmp/.mount_CursorFKIPpo/usr/share/cursor/resources/app/out/vs/workbench/workbench.desktop.main.js:6956:33170)
    at async $cr.refreshMembershipType (vscode-file://vscode-app/tmp/.mount_CursorFKIPpo/usr/share/cursor/resources/app/out/vs/workbench/workbench.desktop.main.js:6956:21219)
    at async $cr.refreshAuthentication (vscode-file://vscode-app/tmp/.mount_CursorFKIPpo/usr/share/cursor/resources/app/out/vs/workbench/workbench.desktop.main.js:6956:36836) ConnectError: [unknown] Network disconnected
    at t (workbench.desktop.main.js:4910:339781)
    at async Object.getTeams (workbench.desktop.main.js:580:387668)
    at async $cr.getTeams (workbench.desktop.main.js:6956:33170)
    at async $cr.refreshMembershipType (workbench.desktop.main.js:6956:21219)
    at async $cr.refreshAuthentication (workbench.desktop.main.js:6956:36836)
error @ workbench.desktop.main.js:55
error @ workbench.desktop.main.js:55
error @ workbench.desktop.main.js:6985
handleUnexpectedError @ workbench.desktop.main.js:6982
(anonymous) @ workbench.desktop.main.js:6982
onUnexpectedError @ workbench.desktop.main.js:27
zo @ workbench.desktop.main.js:22
(anonymous) @ workbench.desktop.main.js:6982
workbench.desktop.main.js:55   ERR [unknown] Network disconnected: ConnectError: [unknown] Network disconnected
    at t (vscode-file://vscode-app/tmp/.mount_CursorFKIPpo/usr/share/cursor/resources/app/out/vs/workbench/workbench.desktop.main.js:4910:339781)
    at async Object.getTeams (vscode-file://vscode-app/tmp/.mount_CursorFKIPpo/usr/share/cursor/resources/app/out/vs/workbench/workbench.desktop.main.js:580:387668)
    at async $cr.getTeams (vscode-file://vscode-app/tmp/.mount_CursorFKIPpo/usr/share/cursor/resources/app/out/vs/workbench/workbench.desktop.main.js:6956:33170)
    at async $cr.refreshMembershipType (vscode-file://vscode-app/tmp/.mount_CursorFKIPpo/usr/share/cursor/resources/app/out/vs/workbench/workbench.desktop.main.js:6956:21219)
    at async $cr.refreshAuthentication (vscode-file://vscode-app/tmp/.mount_CursorFKIPpo/usr/share/cursor/resources/app/out/vs/workbench/workbench.desktop.main.js:6956:36836) ConnectError: [unknown] Network disconnected
    at t (workbench.desktop.main.js:4910:339781)
    at async Object.getTeams (workbench.desktop.main.js:580:387668)
    at async $cr.getTeams (workbench.desktop.main.js:6956:33170)
    at async $cr.refreshMembershipType (workbench.desktop.main.js:6956:21219)
    at async $cr.refreshAuthentication (workbench.desktop.main.js:6956:36836)
error @ workbench.desktop.main.js:55
error @ workbench.desktop.main.js:55
error @ workbench.desktop.main.js:6985
handleUnexpectedError @ workbench.desktop.main.js:6982
(anonymous) @ workbench.desktop.main.js:6982
onUnexpectedError @ workbench.desktop.main.js:27
zo @ workbench.desktop.main.js:22
(anonymous) @ workbench.desktop.main.js:6982
workbench.desktop.main.js:55   ERR [unknown] Network disconnected: ConnectError: [unknown] Network disconnected
    at t (vscode-file://vscode-app/tmp/.mount_CursorFKIPpo/usr/share/cursor/resources/app/out/vs/workbench/workbench.desktop.main.js:4910:339781)
    at async Object.getTeams (vscode-file://vscode-app/tmp/.mount_CursorFKIPpo/usr/share/cursor/resources/app/out/vs/workbench/workbench.desktop.main.js:580:387668)
    at async $cr.getTeams (vscode-file://vscode-app/tmp/.mount_CursorFKIPpo/usr/share/cursor/resources/app/out/vs/workbench/workbench.desktop.main.js:6956:33170)
    at async $cr.refreshMembershipType (vscode-file://vscode-app/tmp/.mount_CursorFKIPpo/usr/share/cursor/resources/app/out/vs/workbench/workbench.desktop.main.js:6956:21219)
    at async $cr.refreshAuthentication (vscode-file://vscode-app/tmp/.mount_CursorFKIPpo/usr/share/cursor/resources/app/out/vs/workbench/workbench.desktop.main.js:6956:36836) ConnectError: [unknown] Network disconnected
    at t (workbench.desktop.main.js:4910:339781)
    at async Object.getTeams (workbench.desktop.main.js:580:387668)
    at async $cr.getTeams (workbench.desktop.main.js:6956:33170)
    at async $cr.refreshMembershipType (workbench.desktop.main.js:6956:21219)
    at async $cr.refreshAuthentication (workbench.desktop.main.js:6956:36836)
error @ workbench.desktop.main.js:55
error @ workbench.desktop.main.js:55
error @ workbench.desktop.main.js:6985
handleUnexpectedError @ workbench.desktop.main.js:6982
(anonymous) @ workbench.desktop.main.js:6982
onUnexpectedError @ workbench.desktop.main.js:27
zo @ workbench.desktop.main.js:22
(anonymous) @ workbench.desktop.main.js:6982
workbench.desktop.main.js:55   ERR [unknown] Network disconnected: ConnectError: [unknown] Network disconnected
    at t (vscode-file://vscode-app/tmp/.mount_CursorFKIPpo/usr/share/cursor/resources/app/out/vs/workbench/workbench.desktop.main.js:4910:339781)
    at async Object.getTeams (vscode-file://vscode-app/tmp/.mount_CursorFKIPpo/usr/share/cursor/resources/app/out/vs/workbench/workbench.desktop.main.js:580:387668)
    at async $cr.getTeams (vscode-file://vscode-app/tmp/.mount_CursorFKIPpo/usr/share/cursor/resources/app/out/vs/workbench/workbench.desktop.main.js:6956:33170)
    at async $cr.refreshMembershipType (vscode-file://vscode-app/tmp/.mount_CursorFKIPpo/usr/share/cursor/resources/app/out/vs/workbench/workbench.desktop.main.js:6956:21219)
    at async $cr.refreshAuthentication (vscode-file://vscode-app/tmp/.mount_CursorFKIPpo/usr/share/cursor/resources/app/out/vs/workbench/workbench.desktop.main.js:6956:36836) ConnectError: [unknown] Network disconnected
    at t (workbench.desktop.main.js:4910:339781)
    at async Object.getTeams (workbench.desktop.main.js:580:387668)
    at async $cr.getTeams (workbench.desktop.main.js:6956:33170)
    at async $cr.refreshMembershipType (workbench.desktop.main.js:6956:21219)
    at async $cr.refreshAuthentication (workbench.desktop.main.js:6956:36836)
error @ workbench.desktop.main.js:55
error @ workbench.desktop.main.js:55
error @ workbench.desktop.main.js:6985
handleUnexpectedError @ workbench.desktop.main.js:6982
(anonymous) @ workbench.desktop.main.js:6982
onUnexpectedError @ workbench.desktop.main.js:27
zo @ workbench.desktop.main.js:22
(anonymous) @ workbench.desktop.main.js:6982
workbench.desktop.main.js:55   ERR [unknown] Network disconnected: ConnectError: [unknown] Network disconnected
    at t (vscode-file://vscode-app/tmp/.mount_CursorFKIPpo/usr/share/cursor/resources/app/out/vs/workbench/workbench.desktop.main.js:4910:339781)
    at async Object.getTeams (vscode-file://vscode-app/tmp/.mount_CursorFKIPpo/usr/share/cursor/resources/app/out/vs/workbench/workbench.desktop.main.js:580:387668)
    at async $cr.getTeams (vscode-file://vscode-app/tmp/.mount_CursorFKIPpo/usr/share/cursor/resources/app/out/vs/workbench/workbench.desktop.main.js:6956:33170)
    at async $cr.refreshMembershipType (vscode-file://vscode-app/tmp/.mount_CursorFKIPpo/usr/share/cursor/resources/app/out/vs/workbench/workbench.desktop.main.js:6956:21219)
    at async $cr.refreshAuthentication (vscode-file://vscode-app/tmp/.mount_CursorFKIPpo/usr/share/cursor/resources/app/out/vs/workbench/workbench.desktop.main.js:6956:36836) ConnectError: [unknown] Network disconnected
    at t (workbench.desktop.main.js:4910:339781)
    at async Object.getTeams (workbench.desktop.main.js:580:387668)
    at async $cr.getTeams (workbench.desktop.main.js:6956:33170)
    at async $cr.refreshMembershipType (workbench.desktop.main.js:6956:21219)
    at async $cr.refreshAuthentication (workbench.desktop.main.js:6956:36836)
error @ workbench.desktop.main.js:55
error @ workbench.desktop.main.js:55
error @ workbench.desktop.main.js:6985
handleUnexpectedError @ workbench.desktop.main.js:6982
(anonymous) @ workbench.desktop.main.js:6982
onUnexpectedError @ workbench.desktop.main.js:27
zo @ workbench.desktop.main.js:22
(anonymous) @ workbench.desktop.main.js:6982
workbench.desktop.main.js:55   ERR [unknown] Network disconnected: ConnectError: [unknown] Network disconnected
    at t (vscode-file://vscode-app/tmp/.mount_CursorFKIPpo/usr/share/cursor/resources/app/out/vs/workbench/workbench.desktop.main.js:4910:339781)
    at async Object.getTeams (vscode-file://vscode-app/tmp/.mount_CursorFKIPpo/usr/share/cursor/resources/app/out/vs/workbench/workbench.desktop.main.js:580:387668)
    at async $cr.getTeams (vscode-file://vscode-app/tmp/.mount_CursorFKIPpo/usr/share/cursor/resources/app/out/vs/workbench/workbench.desktop.main.js:6956:33170)
    at async $cr.refreshMembershipType (vscode-file://vscode-app/tmp/.mount_CursorFKIPpo/usr/share/cursor/resources/app/out/vs/workbench/workbench.desktop.main.js:6956:21219)
    at async $cr.refreshAuthentication (vscode-file://vscode-app/tmp/.mount_CursorFKIPpo/usr/share/cursor/resources/app/out/vs/workbench/workbench.desktop.main.js:6956:36836) ConnectError: [unknown] Network disconnected
    at t (workbench.desktop.main.js:4910:339781)
    at async Object.getTeams (workbench.desktop.main.js:580:387668)
    at async $cr.getTeams (workbench.desktop.main.js:6956:33170)
    at async $cr.refreshMembershipType (workbench.desktop.main.js:6956:21219)
    at async $cr.refreshAuthentication (workbench.desktop.main.js:6956:36836)
error @ workbench.desktop.main.js:55
error @ workbench.desktop.main.js:55
error @ workbench.desktop.main.js:6985
handleUnexpectedError @ workbench.desktop.main.js:6982
(anonymous) @ workbench.desktop.main.js:6982
onUnexpectedError @ workbench.desktop.main.js:27
zo @ workbench.desktop.main.js:22
(anonymous) @ workbench.desktop.main.js:6982
workbench.desktop.main.js:7105 error reporting bug ConnectError: [unknown] Network disconnected
    at t (workbench.desktop.main.js:4910:339781)
    at async Object.reportBug (workbench.desktop.main.js:580:387668)
    at async kpr.reportBug (workbench.desktop.main.js:7105:31264)
reportBug @ workbench.desktop.main.js:7105
workbench.desktop.main.js:7105 bug {bugId: '40ce1b3c-c4ef-4339-b8f0-140d9d8070c1', bug: 'automatic-from-connection-error.\n\nrequest ID:40ce1…","code":2,"metadata":{},"details":[],"cause":{}}', priority: 2, protoURL: 'aiserver.v1.AiService/StreamComposer', contactEmail: 'automatic-from-connection-error', …}
reportBug @ workbench.desktop.main.js:7105
workbench.desktop.main.js:55   ERR [unknown] Network disconnected: ConnectError: [unknown] Network disconnected
    at t (vscode-file://vscode-app/tmp/.mount_CursorFKIPpo/usr/share/cursor/resources/app/out/vs/workbench/workbench.desktop.main.js:4910:339781)
    at async Object.getTeams (vscode-file://vscode-app/tmp/.mount_CursorFKIPpo/usr/share/cursor/resources/app/out/vs/workbench/workbench.desktop.main.js:580:387668)
    at async $cr.getTeams (vscode-file://vscode-app/tmp/.mount_CursorFKIPpo/usr/share/cursor/resources/app/out/vs/workbench/workbench.desktop.main.js:6956:33170)
    at async $cr.refreshMembershipType (vscode-file://vscode-app/tmp/.mount_CursorFKIPpo/usr/share/cursor/resources/app/out/vs/workbench/workbench.desktop.main.js:6956:21219)
    at async $cr.refreshAuthentication (vscode-file://vscode-app/tmp/.mount_CursorFKIPpo/usr/share/cursor/resources/app/out/vs/workbench/workbench.desktop.main.js:6956:36836) ConnectError: [unknown] Network disconnected
    at t (workbench.desktop.main.js:4910:339781)
    at async Object.getTeams (workbench.desktop.main.js:580:387668)
    at async $cr.getTeams (workbench.desktop.main.js:6956:33170)
    at async $cr.refreshMembershipType (workbench.desktop.main.js:6956:21219)
    at async $cr.refreshAuthentication (workbench.desktop.main.js:6956:36836)
error @ workbench.desktop.main.js:55
error @ workbench.desktop.main.js:55
error @ workbench.desktop.main.js:6985
handleUnexpectedError @ workbench.desktop.main.js:6982
(anonymous) @ workbench.desktop.main.js:6982
onUnexpectedError @ workbench.desktop.main.js:27
zo @ workbench.desktop.main.js:22
(anonymous) @ workbench.desktop.main.js:6982
workbench.desktop.main.js:4878 [Extension Host] rejected promise not handled within 1 second: AbortError: The user aborted a request.
qju @ workbench.desktop.main.js:4878
$logExtensionHostMessage @ workbench.desktop.main.js:4878
_doInvokeHandler @ workbench.desktop.main.js:487
_invokeHandler @ workbench.desktop.main.js:487
_receiveRequest @ workbench.desktop.main.js:487
_receiveOneMessage @ workbench.desktop.main.js:487
(anonymous) @ workbench.desktop.main.js:487
_deliver @ workbench.desktop.main.js:49
fire @ workbench.desktop.main.js:49
fire @ workbench.desktop.main.js:4895
(anonymous) @ workbench.desktop.main.js:7028
workbench.desktop.main.js:4878 [Extension Host] stack trace: AbortError: The user aborted a request.
	at v (/home/snitcher/.cursor/extensions/eamodio.gitlens-17.4.1-universal/dist/gitlens.js:1671:15147)
	at EventTarget.b (/home/snitcher/.cursor/extensions/eamodio.gitlens-17.4.1-universal/dist/gitlens.js:1671:15323)
	at [nodejs.internal.kHybridDispatch] (node:internal/event_target:831:20)
	at EventTarget.dispatchEvent (node:internal/event_target:766:26)
	at abortSignal (node:internal/abort_controller:370:10)
	at AbortController.abort (node:internal/abort_controller:392:5)
	at Timeout.<anonymous> (/home/snitcher/.cursor/extensions/eamodio.gitlens-17.4.1-universal/dist/gitlens.js:111:78553)
	at listOnTimeout (node:internal/timers:581:17)
	at process.processTimers (node:internal/timers:519:7)
qju @ workbench.desktop.main.js:4878
$logExtensionHostMessage @ workbench.desktop.main.js:4878
_doInvokeHandler @ workbench.desktop.main.js:487
_invokeHandler @ workbench.desktop.main.js:487
_receiveRequest @ workbench.desktop.main.js:487
_receiveOneMessage @ workbench.desktop.main.js:487
(anonymous) @ workbench.desktop.main.js:487
_deliver @ workbench.desktop.main.js:49
fire @ workbench.desktop.main.js:49
fire @ workbench.desktop.main.js:4895
(anonymous) @ workbench.desktop.main.js:7028
workbench.desktop.main.js:4892 [eamodio.gitlens]The user aborted a request.
$onExtensionRuntimeError @ workbench.desktop.main.js:4892
_doInvokeHandler @ workbench.desktop.main.js:487
_invokeHandler @ workbench.desktop.main.js:487
_receiveRequest @ workbench.desktop.main.js:487
_receiveOneMessage @ workbench.desktop.main.js:487
(anonymous) @ workbench.desktop.main.js:487
_deliver @ workbench.desktop.main.js:49
fire @ workbench.desktop.main.js:49
fire @ workbench.desktop.main.js:4895
(anonymous) @ workbench.desktop.main.js:7028
workbench.desktop.main.js:4892 AbortError: The user aborted a request.
	at v (/home/snitcher/.cursor/extensions/eamodio.gitlens-17.4.1-universal/dist/gitlens.js:1671:15147)
	at EventTarget.b (/home/snitcher/.cursor/extensions/eamodio.gitlens-17.4.1-universal/dist/gitlens.js:1671:15323)
	at [nodejs.internal.kHybridDispatch] (node:internal/event_target:831:20)
	at EventTarget.dispatchEvent (node:internal/event_target:766:26)
	at abortSignal (node:internal/abort_controller:370:10)
	at AbortController.abort (node:internal/abort_controller:392:5)
	at Timeout.<anonymous> (/home/snitcher/.cursor/extensions/eamodio.gitlens-17.4.1-universal/dist/gitlens.js:111:78553)
	at listOnTimeout (node:internal/timers:581:17)
	at process.processTimers (node:internal/timers:519:7)
$onExtensionRuntimeError @ workbench.desktop.main.js:4892
_doInvokeHandler @ workbench.desktop.main.js:487
_invokeHandler @ workbench.desktop.main.js:487
_receiveRequest @ workbench.desktop.main.js:487
_receiveOneMessage @ workbench.desktop.main.js:487
(anonymous) @ workbench.desktop.main.js:487
_deliver @ workbench.desktop.main.js:49
fire @ workbench.desktop.main.js:49
fire @ workbench.desktop.main.js:4895
(anonymous) @ workbench.desktop.main.js:7028
workbench.desktop.main.js:55   ERR The user aborted a request. {type: 'aborted', message: 'The user aborted a request.'}
error @ workbench.desktop.main.js:55
error @ workbench.desktop.main.js:55
error @ workbench.desktop.main.js:6985
handleUnexpectedError @ workbench.desktop.main.js:6982
(anonymous) @ workbench.desktop.main.js:6982
onUnexpectedError @ workbench.desktop.main.js:27
zo @ workbench.desktop.main.js:22
$onUnexpectedError @ workbench.desktop.main.js:4892
_doInvokeHandler @ workbench.desktop.main.js:487
_invokeHandler @ workbench.desktop.main.js:487
_receiveRequest @ workbench.desktop.main.js:487
_receiveOneMessage @ workbench.desktop.main.js:487
(anonymous) @ workbench.desktop.main.js:487
_deliver @ workbench.desktop.main.js:49
fire @ workbench.desktop.main.js:49
fire @ workbench.desktop.main.js:4895
(anonymous) @ workbench.desktop.main.js:7028
workbench.desktop.main.js:55   ERR [unknown] Network disconnected: ConnectError: [unknown] Network disconnected
    at t (vscode-file://vscode-app/tmp/.mount_CursorFKIPpo/usr/share/cursor/resources/app/out/vs/workbench/workbench.desktop.main.js:4910:339781)
    at async Object.getTeams (vscode-file://vscode-app/tmp/.mount_CursorFKIPpo/usr/share/cursor/resources/app/out/vs/workbench/workbench.desktop.main.js:580:387668)
    at async $cr.getTeams (vscode-file://vscode-app/tmp/.mount_CursorFKIPpo/usr/share/cursor/resources/app/out/vs/workbench/workbench.desktop.main.js:6956:33170)
    at async $cr.refreshMembershipType (vscode-file://vscode-app/tmp/.mount_CursorFKIPpo/usr/share/cursor/resources/app/out/vs/workbench/workbench.desktop.main.js:6956:21219)
    at async $cr.refreshAuthentication (vscode-file://vscode-app/tmp/.mount_CursorFKIPpo/usr/share/cursor/resources/app/out/vs/workbench/workbench.desktop.main.js:6956:36836) ConnectError: [unknown] Network disconnected
    at t (workbench.desktop.main.js:4910:339781)
    at async Object.getTeams (workbench.desktop.main.js:580:387668)
    at async $cr.getTeams (workbench.desktop.main.js:6956:33170)
    at async $cr.refreshMembershipType (workbench.desktop.main.js:6956:21219)
    at async $cr.refreshAuthentication (workbench.desktop.main.js:6956:36836)
error @ workbench.desktop.main.js:55
error @ workbench.desktop.main.js:55
error @ workbench.desktop.main.js:6985
handleUnexpectedError @ workbench.desktop.main.js:6982
(anonymous) @ workbench.desktop.main.js:6982
onUnexpectedError @ workbench.desktop.main.js:27
zo @ workbench.desktop.main.js:22
(anonymous) @ workbench.desktop.main.js:6982
